0it [00:00, ?it/s]
21it [00:00, 203.71it/s]
45it [00:00, 212.39it/s]
69it [00:00, 219.28it/s]
87it [00:00, 203.23it/s]
100it [00:00, 210.39it/s]

0it [00:00, ?it/s]
20it [00:00, 195.06it/s]
43it [00:00, 204.01it/s]
67it [00:00, 211.48it/s]
85it [00:00, 196.18it/s]
100it [00:00, 206.39it/s]

0it [00:00, ?it/s]
200it [00:00, 3061.35it/s]

  0%|          | 0/2 [00:00<?, ?it/s]
loss: 69.4913 ||:  50%|#####     | 1/2 [00:00<00:00,  1.41it/s]
loss: 71.9923 ||: 100%|##########| 2/2 [00:01<00:00,  1.45it/s]

  0%|          | 0/2 [00:00<?, ?it/s]
BLEU: 0.0000, loss: 67.8205 ||:  50%|#####     | 1/2 [00:19<00:19, 19.26s/it]
BLEU: 0.0000, loss: 70.7859 ||: 100%|##########| 2/2 [01:03<00:00, 26.63s/it]

  0%|          | 0/2 [00:00<?, ?it/s]
loss: 67.8205 ||:  50%|#####     | 1/2 [00:00<00:00,  1.58it/s]
loss: 68.8265 ||: 100%|##########| 2/2 [00:01<00:00,  1.53it/s]

  0%|          | 0/2 [00:00<?, ?it/s]
BLEU: 0.0000, loss: 67.3500 ||:  50%|#####     | 1/2 [00:19<00:19, 19.22s/it]
BLEU: 0.0000, loss: 63.9495 ||: 100%|##########| 2/2 [01:03<00:00, 26.68s/it]

